<?xml version="1.0" encoding="UTF-8"?>
<!-- Generated by org.testng.reporters.JUnitXMLReporter -->
<testsuite hostname="LAPTOP-OJB47ORE" name="TestNgMavenTest" tests="3" failures="0" timestamp="11 Sep 2018 20:30:45 GMT" time="166.195" errors="0">
  <testcase name="launchURL" time="81.345" classname="ToolsQA_Mvn.DemoToolsQA.NewTestSecond"/>
  <testcase name="continueTest" time="0.091" classname="ToolsQA_Mvn.DemoToolsQA.NewTestSecond"/>
  <testcase name="exampleOfTestNgMaven" time="0.002" classname="ToolsQA_Mvn.DemoToolsQA.NewTestFirst"/>
</testsuite> <!-- TestNgMavenTest -->
