<?xml version="1.0" encoding="UTF-8"?>
<testsuite xmlns:xsi="http://www.w3.org/2001/XMLSchema-instance" xsi:schemaLocation="https://maven.apache.org/surefire/maven-surefire-plugin/xsd/surefire-test-report.xsd" name="TestSuite" time="137.857" tests="6" errors="0" skipped="5" failures="1">
  <properties>
[...]
</properties>
  <testcase name="beforeClass" classname="ToolsQA_Mvn.DemoToolsQA.NewTestSecond" time="136.382">
    <failure message="unknown error: DevToolsActivePort file doesn&apos;t exist&#10;  (Driver info: chromedriver=2.41.578737 (49da6702b16031c40d63e5618de03a32ff6c197e),platform=Windows NT 10.0.17134 x86_64) (WARNING: The server did not provide any stacktrace information)&#10;Command duration or timeout: 73.25 seconds&#10;Build info: version: &apos;3.13.0&apos;, revision: &apos;2f0d292&apos;, time: &apos;2018-06-25T15:24:21.231Z&apos;&#10;System info: host: &apos;LAPTOP-OJB47ORE&apos;, ip: &apos;192.168.0.102&apos;, os.name: &apos;Windows 10&apos;, os.arch: &apos;amd64&apos;, os.version: &apos;10.0&apos;, java.version: &apos;1.8.0_151&apos;&#10;Driver info: driver.version: ChromeDriver" type="org.openqa.selenium.WebDriverException">org.openqa.selenium.WebDriverException: 
unknown error: DevToolsActivePort file doesn't exist
  (Driver info: chromedriver=2.41.578737 (49da6702b16031c40d63e5618de03a32ff6c197e),platform=Windows NT 10.0.17134 x86_64) (WARNING: The server did not provide any stacktrace information)
Command duration or timeout: 73.25 seconds
Build info: version: '3.13.0', revision: '2f0d292', time: '2018-06-25T15:24:21.231Z'
System info: host: 'LAPTOP-OJB47ORE', ip: '192.168.0.102', os.name: 'Windows 10', os.arch: 'amd64', os.version: '10.0', java.version: '1.8.0_151'
Driver info: driver.version: ChromeDriver
	at ToolsQA_Mvn.DemoToolsQA.NewTestSecond.beforeClass(NewTestSecond.java:45)
</failure>
    <system-err><![CDATA[[main] INFO io.github.bonigarcia.wdm.WebDriverManager - Using chromedriver 2.41 (since Google Chrome 68 is installed in your machine)
[main] INFO io.github.bonigarcia.wdm.WebDriverManager - Exporting webdriver.chrome.driver as C:\Users\arghy\.m2\repository\webdriver\chromedriver\win32\2.41\chromedriver.exe
Starting ChromeDriver 2.41.578737 (49da6702b16031c40d63e5618de03a32ff6c197e) on port 44645
Only local connections are allowed.
]]></system-err>
  </testcase>
  <testcase name="setup" classname="ToolsQA_Mvn.DemoToolsQA.NewTestSecond" time="0">
    <skipped/>
  </testcase>
  <testcase name="setup" classname="ToolsQA_Mvn.DemoToolsQA.NewTestSecond" time="0">
    <skipped/>
  </testcase>
  <testcase name="launchURL" classname="ToolsQA_Mvn.DemoToolsQA.NewTestSecond" time="0">
    <skipped/>
  </testcase>
  <testcase name="continueTest" classname="ToolsQA_Mvn.DemoToolsQA.NewTestSecond" time="0">
    <skipped/>
  </testcase>
  <testcase name="afterClass" classname="ToolsQA_Mvn.DemoToolsQA.NewTestSecond" time="0">
    <skipped/>
  </testcase>
</testsuite>