<?xml version="1.0" encoding="UTF-8"?>
<!-- Generated by org.testng.reporters.JUnitXMLReporter -->
<testsuite hostname="LT092077" name="TestNgMavenTest" tests="3" failures="0" timestamp="2 Oct 2018 19:32:12 GMT" time="18.964" errors="0">
  <testcase name="launchURL" time="8.617" classname="ToolsQA_Mvn.DemoToolsQA.NewTestSecond"/>
  <testcase name="continueTest" time="0.028" classname="ToolsQA_Mvn.DemoToolsQA.NewTestSecond"/>
  <testcase name="exampleOfTestNgMaven" time="0.0" classname="ToolsQA_Mvn.DemoToolsQA.NewTestFirst"/>
</testsuite> <!-- TestNgMavenTest -->
